make.exe all --print-data-base --no-builtin-variables --no-builtin-rules --question
# GNU Make 3.81
# Copyright (C) 2006  Free Software Foundation, Inc.
# This is free software; see the source for copying conditions.
# There is NO warranty; not even for MERCHANTABILITY or FITNESS FOR A
# PARTICULAR PURPOSE.

# This program built for i386-pc-mingw32
 

# Make data base, printed on Fri Apr 30 16:25:52 2021

# Variables

# automatic
<D = $(patsubst %/,%,$(dir $<))
# automatic
?F = $(notdir $?)
# environment
CommonProgramFiles = C:\Program Files (x86)\Common Files
# makefile (from `makefile', line 6)
SRC = main.c src/Activity1.c src/Activity2.c src/Activity3.c src/Activity4.c
# makefile
MAKEFLAGS = Rrqp
# environment
VSCODE_LOG_NATIVE = false
# automatic
?D = $(patsubst %/,%,$(dir $?))
# automatic
@D = $(patsubst %/,%,$(dir $@))
# environment
HOMEDRIVE = C:
# automatic
@F = $(notdir $@)
# automatic
^D = $(patsubst %/,%,$(dir $^))
# makefile
CURDIR := g:/cng
# default
SHELL := C:/WinAVR-20100110/utils/bin/sh.exe
# environment
ProgramFiles(x86) = C:\Program Files (x86)
# environment
VSCODE_NLS_CONFIG = {"locale":"en-us","availableLanguages":{},"_languagePackSupport":true}
# environment
VBOX_MSI_INSTALL_PATH = C:\Program Files\Oracle\VirtualBox\
# environment
PATHEXT = .COM;.EXE;.BAT;.CMD;.VBS;.VBE;.JS;.JSE;.WSF;.WSH;.MSC
# makefile (from `makefile', line 1)
MAKEFILE_LIST :=  makefile
# environment
SystemRoot = C:\Windows
# environment
VSCODE_NODE_CACHED_DATA_DIR = C:\Users\HP\AppData\Roaming\Code\CachedData\3c4e3df9e89829dce27b7b5c24508306b151f30d
# environment
TMP = C:\Users\HP\AppData\Local\Temp
# environment
VSCODE_VERBOSE_LOGGING = true
# environment
SystemDrive = C:
# environment
CommonProgramFiles(x86) = C:\Program Files (x86)\Common Files
# environment
VSCODE_IPC_HOOK_EXTHOST = \\.\pipe\vscode-ipc-da13be6a-14db-48da-b53f-78348de24487-sock
# environment
VSCODE_CWD = C:\Users\HP\AppData\Local\Programs\Microsoft VS Code
# environment
PATH = C:\WinAVR-20100110\bin;C:\WinAVR-20100110\utils\bin;C:\Windows\system32;C:\Windows;C:\Windows\System32\Wbem;C:\Windows\System32\WindowsPowerShell\v1.0\;C:\Program Files\mingw-w64\x86_64-8.1.0-posix-seh-rt_v6-rev0\mingw64\bin;C:\Program Files\Git\cmd;C:\Program Files (x86)\GnuWin32;C:\Program Files\Cppcheck;C:\Program Files\doxygen\bin;C:\Program Files\CodeBlocks;C:\Program Files\CodeBlocks\MinGW\bin;C:\WinAVR-20100110;C:\Program Files\CodeBlocks;C:\Users\HP\AppData\Local\GitHubDesktop\bin;C:\Users\HP\AppData\Local\Programs\Microsoft VS Code\bin
# environment
PROCESSOR_ARCHITECTURE = x86
# environment
USERPROFILE = C:\Users\HP
# environment
ALLUSERSPROFILE = C:\ProgramData
# environment
ComSpec = C:\Windows\system32\cmd.exe
# environment
VSCODE_LOG_STACK = false
# environment
NUMBER_OF_PROCESSORS = 4
# environment
ELECTRON_RUN_AS_NODE = 1
# default
.FEATURES := target-specific order-only second-expansion else-if archives
# environment
ProgramW6432 = C:\Program Files
# automatic
%F = $(notdir $%)
# makefile (from `makefile', line 18)
FixPath = $(subst /,\,$1)
# environment
CHROME_CRASHPAD_PIPE_NAME = \\.\pipe\crashpad_6412_AIXRGSLIWFFDADOK
# environment
VSCODE_PIPE_LOGGING = true
# environment
COMPUTERNAME = DESKTOP-35A4F69
# environment
ORIGINAL_XDG_CURRENT_DESKTOP = undefined
# environment
AVR32_HOME = C:\WinAVR-20100110
# environment
USERNAME = HP
# environment
PUBLIC = C:\Users\Public
# environment
VSCODE_AMD_ENTRYPOINT = vs/w 
orkbench/services/extensions/node/extensionHostProcess
# environment
CommonProgramW6432 = C:\Program Files\Common Files
# environment
ProgramData = C:\ProgramData
# environment
APPLICATION_INSIGHTS_NO_DIAGNOSTIC_CHANNEL = true
# environment
LOGONSERVER = \\MicrosoftAccount
# environment
VSCODE_HANDLES_UNCAUGHT_ERRORS = true
# environment
USERDOMAIN = DESKTOP-35A4F69
# default
MAKE = $(MAKE_COMMAND)
# default
MAKECMDGOALS := all
# makefile (from `makefile', line 20)
CC = avr-gcc.exe
# makefile (from `makefile', line 3)
BUILD_DIR = Build
# makefile (from `makefile', line 22)
AVR_OBJ_CPY = avr-objcopy.exe
# default
MAKE_VERSION := 3.81
# makefile
.DEFAULT_GOAL := all
# environment
OneDrive = C:\Users\HP\OneDrive
# automatic
%D = $(patsubst %/,%,$(dir $%))
# environment
LOCALAPPDATA = C:\Users\HP\AppData\Local
# default
MAKE_COMMAND := make.exe
# makefile (from `makefile', line 13)
INC = -I inc
# environment
PROCESSOR_ARCHITEW6432 = AMD64
# default
.VARIABLES := 
# automatic
*F = $(notdir $*)
# environment
PROCESSOR_IDENTIFIER = Intel64 Family 6 Model 142 Stepping 9, GenuineIntel
# environment
OS = Windows_NT
# environment
VSCODE_IPC_HOOK = \\.\pipe\39abd41aff3157edea34b81c340f433c-1.55.2-main-sock
# environment
HOMEPATH = \Users\HP
# environment
PROMPT = $P$G
# environment
MFLAGS = -Rrqp
# automatic
*D = $(patsubst %/,%,$(dir $*))
# environment
PSModulePath = C:\Windows\system32\WindowsPowerShell\v1.0\Modules\
# automatic
+D = $(patsubst %/,%,$(dir $+))
# environment
windir = C:\Windows
# automatic
+F = $(notdir $+)
# default
SUFFIXES := 
# environment
APPDATA = C:\Users\HP\AppData\Roaming
# environment
__COMPAT_LAYER = RunAsAdmin
# environment
TEMP = C:\Users\HP\AppData\Local\Temp
# default
MAKEFILES := 
# automatic
<F = $(notdir $<)
# automatic
^F = $(notdir $^)
# environment
ProgramFiles = C:\Program Files (x86)
# environment
PROCESSOR_REVISION = 8e09
# makefile (from `makefile', line 1)
PROJ_NAME = Blinky
# environment
MAKELEVEL := 0
# environment
PROCESSOR_LEVEL = 6
# environment
VSCODE_PID = 6412
# environment
USERDOMAIN_ROAMINGPROFILE = DESKTOP-35A4F69
# variable set hash-table stats:
# Load=92/1024=9%, Rehash=0, Collisions=17/133=13%

# Pattern-specific Variable Values

# No pattern-specific variable values.

# Directories

# . (key g:/cng, mtime 1619632267): 10 files, no impossibilities.
# C:\WinAVR-20100110\bin (key C:/WinAVR-20100110/bin, mtime 1619115323): 75 files, no impossibilities.
# C:\WinAVR-20100110\utils\bin (key C:/WinAVR-20100110/utils/bin, mtime 1619115337): 99 files, no impossibilities so far.

# 184 files, no impossibilities in 3 directories.

# Implicit Rules

# No implicit rules.

# Files

all: Build
#  Phony target (prerequisite of .PHONY).
#  Command-line target.
#  Implicit rule search has not been done.
#  Implicit/static pattern stem: `'
#  File does not exist.
#  File has been updated.
#  Needs to be updated (-q is set).
# automatic
# @ := all
# automatic
# % := 
# automatic
# * := 
# automatic
# + := Build
# automatic
# | := 
# automatic
# < := Build
# automatic
# ^ := Build
# automatic
# ? := Build
# variable set hash-table stats:
# Load=8/32=25%, Rehash=0, Collisions=3/26=12%
#  commands to execute (from `makefile', line 39):
	$(CC) -g -Wall -Os -mmcu=atmega328  $(INC) $(SRC) -o $(call FixPath,$(BUILD_DIR)/$(PROJ_NAME).elf)
	$(AVR_OBJ_CPY) -j .text -j .data -O ihex $(call FixPath,$(BUILD_DIR)/$(PROJ_NAME).elf) $(call FixPath,$(BUILD_DIR)/$(PROJ_NAME).hex)
	

.PHONY: all analysis clean doc
#  Implicit rule search has not been done.
#  Modification time never checked.
#  File has not been updated.

# Not a target:
main.c:
#  Implicit rule search has not been done.
#  Modification time never checked.
#  File has not been updated.

# Not a target:
.DEFAULT:
#  Implicit rule search has not been done.
#  Modification time never checked.
#  File has not been updated.

# Not a target:
src/Activity4.c:
#  Implicit rule search has not been done.
#  Modification time never checked.
#  File has not been updated.

# Not a target:
src/Activity3.c:
#  Implicit rule search has not been done.
#  Modification time never checked.
#  File has not been updated.

# Not a target:
makefile:
#  Implicit rule search has been done.
#  Last modified 2021-04-30 16:22:19
#  File has been updated.
#  Successfully updated.
# variable set hash-table stats:
# Load=0/32=0%, Rehash=0, Collisions=0/0=0%

Build:
#  Implicit rule search has not been done.
#  Last modified 2021-04-30 16:22:23
#  File has been updated.
#  Successfully updated.
#  commands to execute (from `makefile', line 44):
	mkdir $(BUILD_DIR)
	

# Not a target:
.SUFFIXES:
#  Implicit rule search has not been done.
#  Modification time never checked.
#  File has not been updated.

analysis: main.c src/Activity1.c src/Activity2.c src/Activity3.c src/Activity4.c
#  Phony target (prerequisite of .PHONY).
#  Implicit rule search has not been done.
#  File does not exist.
#  File has not been updated.
#  commands to execute (from `makefile', line 48):
	cppcheck --enable=all $^
	

# Not a target:
src/Activity1.c:
#  Implicit rule search has not been done.
#  Modification time never checked.
#  File has not been updated.

clean:
#  Phony target (prerequisite of .PHONY).
#  Implicit rule search has not been done.
#  File does not exist.
#  File has not been updated.
#  commands to execute (from `makefile', line 56):
	rm -rf $(call FixPath,$(BUILD_DIR)/*)
	make -C documentation clean
	

# Not a target:
src/Activity2.c:
#  Implicit rule search has not been done.
#  Modification time never checked.
#  File has not been updated.

doc:
#  Phony target (prerequisite of .PHONY).
#  Implicit rule search has not been done.
#  File does not exist.
#  File has not been updated.
#  commands to execute (from `makefile', line 52):
	make -C documentation
	

# files hash-table stats:
# Load=14/1024=1%, Rehash=0, Collisions=0/37=0%
# VPATH Search Paths

# No `vpath' search paths.

# No general (`VPATH' variable) search path.

# # of strings in strcache: 1
# # of strcache buffers: 1
# strcache size: total = 4096 / max = 4096 / min = 4096 / avg = 4096
# strcache free: total = 4087 / max = 4087 / min = 4087 / avg = 4087

# Finished Make data base on Fri Apr 30 16:25:52 2021

 
